2014-2-24 09:56:59 Service Start!
2014-2-24 09:56:59 Listen 6061 is Suc!.
2014-2-24 09:57:05 New ConnectDB 0
2014-2-24 10:06:59 Dispose 0 DBConnect Suc!
2014-2-24 10:10:48 Service Start!
2014-2-24 10:10:48 Listen 6061 is Suc!.
2014-2-24 10:11:06 New ConnectDB 0
2014-2-24 10:11:23 Register Service Main Function Error!
2014-2-24 10:11:32 Register Service Main Function Error!
2014-2-24 10:20:48 Dispose 0 DBConnect Suc!
2014-2-24 10:30:56 New ConnectDB 0
2014-2-24 10:35:08 UpdateBinValue Exception: sql=select CONTENT from common_picture where file_name = 'Z1100002400002014020003_01.jpg' and category = 16, dataSize =317948.
2014-2-24 10:36:55 UpdateBinValue Exception: sql=select CONTENT from common_picture where file_name = 'Z1100002400002014020003_01.jpg' and category = 16, dataSize =317948.
2014-2-24 10:40:48 Dispose 0 DBConnect Suc!
2014-2-24 10:41:13 New ConnectDB 0
2014-2-24 10:50:48 Dispose 0 DBConnect Suc!
2014-2-24 10:51:04 New ConnectDB 0
2014-2-24 11:00:48 Dispose 0 DBConnect Suc!
2014-2-24 11:02:51 New ConnectDB 0
2014-2-24 11:03:23 MyExecuteL Exception: strSQL=INSERT INTO select * from kapianmodeltable ( kapianmodelinfo) VALUES ('')
2014-2-24 11:10:48 Dispose 0 DBConnect Suc!
2014-2-24 11:12:05 New ConnectDB 0
