生成启动时间为 2014/2/25 15:46:18。
     1>项目“E:\公司文档\工作\DBTransfer\DBTransfer\DBTransfer.vcxproj”在节点 2 上(build 个目标)。
     1>InitializeBuildStatus:
         正在创建“Debug\DBTransfer.unsuccessfulbuild”，因为已指定“AlwaysCreate”。
       ClCompile:
         所有输出均为最新。
         c:\Program Files (x86)\Microsoft Visual Studio 10.0\VC\bin\CL.exe /c /ZI /nologo /W3 /WX- /Od /Oy- /D WIN32 /D _DEBUG /D _WINDOWS /D _MBCS /Gm /EHsc /RTC1 /MTd /GS /fp:precise /Zc:wchar_t /Zc:forScope /Yu"StdAfx.h" /Fp"Debug\DBTransfer.pch" /Fo"Debug\\" /Fd"Debug\vc100.pdb" /Gd /TP /analyze- /errorReport:prompt gman.cpp
         gman.cpp
     1>e:\公司文档\工作\dbtransfer\dbtransfer\gman.cpp(50): warning C4996: 'strcpy': This function or variable may be unsafe. Consider using strcpy_s instead. To disable deprecation, use _CRT_SECURE_NO_WARNINGS. See online help for details.
                 c:\program files (x86)\microsoft visual studio 10.0\vc\include\string.h(105) : 参见“strcpy”的声明
     1>e:\公司文档\工作\dbtransfer\dbtransfer\gman.cpp(52): warning C4996: 'sprintf': This function or variable may be unsafe. Consider using sprintf_s instead. To disable deprecation, use _CRT_SECURE_NO_WARNINGS. See online help for details.
                 c:\program files (x86)\microsoft visual studio 10.0\vc\include\stdio.h(371) : 参见“sprintf”的声明
     1>e:\公司文档\工作\dbtransfer\dbtransfer\gman.cpp(60): warning C4996: 'sprintf': This function or variable may be unsafe. Consider using sprintf_s instead. To disable deprecation, use _CRT_SECURE_NO_WARNINGS. See online help for details.
                 c:\program files (x86)\microsoft visual studio 10.0\vc\include\stdio.h(371) : 参见“sprintf”的声明
     1>e:\公司文档\工作\dbtransfer\dbtransfer\gman.cpp(173): warning C4101: “id”: 未引用的局部变量
       ManifestResourceCompile:
         所有输出均为最新。
       Link:
         c:\Program Files (x86)\Microsoft Visual Studio 10.0\VC\bin\link.exe /ERRORREPORT:PROMPT /OUT:"E:\公司文档\工作\DBTransfer\Debug\DBTransfer.exe" /INCREMENTAL /NOLOGO /MANIFEST /ManifestFile:"Debug\DBTransfer.exe.intermediate.manifest" /MANIFESTUAC:"level='asInvoker' uiAccess='false'" /DEBUG /PDB:"E:\公司文档\工作\DBTransfer\Debug\DBTransfer.pdb" /SUBSYSTEM:WINDOWS /TLBID:1 /DYNAMICBASE /NXCOMPAT /IMPLIB:"E:\公司文档\工作\DBTransfer\Debug\DBTransfer.lib" /MACHINE:X86 Debug\DBTransfer.exe.embed.manifest.res
         Debug\gman.obj
         Debug\ProcessDBEvent.obj
         Debug\stdafx.obj
         Debug\DBTMain.obj
         Debug\XMLParse.obj
       Manifest:
         c:\Program Files (x86)\Microsoft SDKs\Windows\v7.0A\bin\mt.exe /nologo /verbose /out:"Debug\DBTransfer.exe.embed.manifest" /manifest Debug\DBTransfer.exe.intermediate.manifest "c:\Program Files (x86)\Microsoft Visual Studio 10.0\VC\Include\Manifest\dpiaware.manifest"
         所有输出均为最新。
       LinkEmbedManifest:
         所有输出均为最新。
         DBTransfer.vcxproj -> E:\公司文档\工作\DBTransfer\Debug\DBTransfer.exe
       FinalizeBuildStatus:
         正在删除文件“Debug\DBTransfer.unsuccessfulbuild”。
         正在对“Debug\DBTransfer.lastbuildstate”执行 Touch 任务。
     1>已完成生成项目“E:\公司文档\工作\DBTransfer\DBTransfer\DBTransfer.vcxproj”(build 个目标)的操作。

生成成功。

已用时间 00:00:00.37
